Error: Sun, 09 Aug 2020 07:13:20 GMT - oops something went wrong
    at Timeout._onTimeout (/home/santanu/workspace-advance-node-js/advance-node-js/Console_and_Utilities/Console/index.js:9:20)
    at ontimeout (timers.js:436:11)
    at tryOnTimeout (timers.js:300:5)
    at listOnTimeout (timers.js:263:5)
    at Timer.processTimers (timers.js:223:10)
Error: Sun, 09 Aug 2020 07:13:25 GMT - oops something went wrong
    at Timeout._onTimeout (/home/santanu/workspace-advance-node-js/advance-node-js/Console_and_Utilities/Console/index.js:9:20)
    at ontimeout (timers.js:436:11)
    at tryOnTimeout (timers.js:300:5)
    at listOnTimeout (timers.js:263:5)
    at Timer.processTimers (timers.js:223:10)
Error: Sun, 09 Aug 2020 07:13:30 GMT - oops something went wrong
    at Timeout._onTimeout (/home/santanu/workspace-advance-node-js/advance-node-js/Console_and_Utilities/Console/index.js:9:20)
    at ontimeout (timers.js:436:11)
    at tryOnTimeout (timers.js:300:5)
    at listOnTimeout (timers.js:263:5)
    at Timer.processTimers (timers.js:223:10)
Error: Sun, 09 Aug 2020 07:13:35 GMT - oops something went wrong
    at Timeout._onTimeout (/home/santanu/workspace-advance-node-js/advance-node-js/Console_and_Utilities/Console/index.js:9:20)
    at ontimeout (timers.js:436:11)
    at tryOnTimeout (timers.js:300:5)
    at listOnTimeout (timers.js:263:5)
    at Timer.processTimers (timers.js:223:10)
Error: Sun, 09 Aug 2020 07:13:40 GMT - oops something went wrong
    at Timeout._onTimeout (/home/santanu/workspace-advance-node-js/advance-node-js/Console_and_Utilities/Console/index.js:9:20)
    at ontimeout (timers.js:436:11)
    at tryOnTimeout (timers.js:300:5)
    at listOnTimeout (timers.js:263:5)
    at Timer.processTimers (timers.js:223:10)
Error: Sun, 09 Aug 2020 07:13:45 GMT - oops something went wrong
    at Timeout._onTimeout (/home/santanu/workspace-advance-node-js/advance-node-js/Console_and_Utilities/Console/index.js:9:20)
    at ontimeout (timers.js:436:11)
    at tryOnTimeout (timers.js:300:5)
    at listOnTimeout (timers.js:263:5)
    at Timer.processTimers (timers.js:223:10)
Error: Sun, 09 Aug 2020 07:13:50 GMT - oops something went wrong
    at Timeout._onTimeout (/home/santanu/workspace-advance-node-js/advance-node-js/Console_and_Utilities/Console/index.js:9:20)
    at ontimeout (timers.js:436:11)
    at tryOnTimeout (timers.js:300:5)
    at listOnTimeout (timers.js:263:5)
    at Timer.processTimers (timers.js:223:10)
Error: Sun, 09 Aug 2020 07:13:55 GMT - oops something went wrong
    at Timeout._onTimeout (/home/santanu/workspace-advance-node-js/advance-node-js/Console_and_Utilities/Console/index.js:9:20)
    at ontimeout (timers.js:436:11)
    at tryOnTimeout (timers.js:300:5)
    at listOnTimeout (timers.js:263:5)
    at Timer.processTimers (timers.js:223:10)
Error: Sun, 09 Aug 2020 07:14:00 GMT - oops something went wrong
    at Timeout._onTimeout (/home/santanu/workspace-advance-node-js/advance-node-js/Console_and_Utilities/Console/index.js:9:20)
    at ontimeout (timers.js:436:11)
    at tryOnTimeout (timers.js:300:5)
    at listOnTimeout (timers.js:263:5)
    at Timer.processTimers (timers.js:223:10)
Error: Sun, 09 Aug 2020 07:14:05 GMT - oops something went wrong
    at Timeout._onTimeout (/home/santanu/workspace-advance-node-js/advance-node-js/Console_and_Utilities/Console/index.js:9:20)
    at ontimeout (timers.js:436:11)
    at tryOnTimeout (timers.js:300:5)
    at listOnTimeout (timers.js:263:5)
    at Timer.processTimers (timers.js:223:10)
